Interpreting Bytecode Program:
Constants :
   #0: String("conseq36")
   #1: String("end37")
   #2: Int(1)
   #3: String("eq")
   #4: Int(2)
   #5: String("div")
   #6: String("add")
   #7: String("sub")
   #8: String("get")
   #9: String("conseq38")
   #10: String("end39")
   #11: String("lt")
   #12: String("bshelper")
   #13: String("conseq40")
   #14: String("end41")
   #15: Int(-1)
   #16: Method(#12, nargs:4, nlocals:2) :
         get local 2
         lit #2
         call-slot #3 2
         branch #0
         get local 2
         lit #4
         call-slot #5 2
         set local 4
         drop
         get local 0
         get local 1
         get local 4
         call-slot #6 2
         lit #2
         call-slot #7 2
         call-slot #8 2
         set local 5
         drop
         get local 5
         get local 3
         call-slot #11 2
         branch #9
         get local 0
         get local 1
         get local 4
         get local 3
         call #12 4
         goto #10
      label #9
         get local 0
         get local 1
         get local 4
         call-slot #6 2
         get local 2
         get local 4
         call-slot #7 2
         get local 3
         call #12 4
      label #10
         goto #1
      label #0
         get local 0
         get local 1
         call-slot #8 2
         get local 3
         call-slot #3 2
         branch #13
         lit #15
         goto #14
      label #13
         get local 1
      label #14
      label #1
         return
   #17: String("conseq42")
   #18: String("end43")
   #19: String("length")
   #20: Int(0)
   #21: String("bs")
   #22: Method(#21, nargs:2, nlocals:0) :
         get local 0
         call-slot #19 1
         lit #20
         call-slot #3 2
         branch #17
         get local 0
         lit #20
         get local 0
         call-slot #19 1
         get local 1
         call #12 4
         goto #18
      label #17
         lit #15
      label #18
         return
   #23: Int(10)
   #24: String("a")
   #25: Slot(#24)
   #26: Int(4)
   #27: String("set")
   #28: Int(6)
   #29: Int(9)
   #30: Int(3)
   #31: Int(13)
   #32: Int(15)
   #33: Int(5)
   #34: Int(17)
   #35: Int(18)
   #36: Int(7)
   #37: Int(24)
   #38: Int(8)
   #39: Int(29)
   #40: Int(35)
   #41: String("The index of ~ in a is ~.\n")
   #42: String("find")
   #43: Method(#42, nargs:1, nlocals:0) :
         get local 0
         get global #24
         get local 0
         call #21 2
         printf #41 2
         return
   #44: Int(14)
   #45: Int(30)
   #46: Null
   #47: String("entry44")
   #48: Method(#47, nargs:0, nlocals:0) :
         lit #23
         lit #20
         array
         set global #24
         drop
         get global #24
         lit #20
         lit #26
         call-slot #27 3
         drop
         get global #24
         lit #2
         lit #28
         call-slot #27 3
         drop
         get global #24
         lit #4
         lit #29
         call-slot #27 3
         drop
         get global #24
         lit #30
         lit #31
         call-slot #27 3
         drop
         get global #24
         lit #26
         lit #32
         call-slot #27 3
         drop
         get global #24
         lit #33
         lit #34
         call-slot #27 3
         drop
         get global #24
         lit #28
         lit #35
         call-slot #27 3
         drop
         get global #24
         lit #36
         lit #37
         call-slot #27 3
         drop
         get global #24
         lit #38
         lit #39
         call-slot #27 3
         drop
         get global #24
         lit #29
         lit #40
         call-slot #27 3
         drop
         lit #31
         call #42 1
         drop
         lit #44
         call #42 1
         drop
         lit #32
         call #42 1
         drop
         lit #39
         call #42 1
         drop
         lit #45
         call #42 1
         drop
         lit #46
         return
Globals :
   #16
   #22
   #25
   #43
Entry : #48
