Interpreting Bytecode Program:
Constants :
   #0: String("conseq39")
   #1: String("end40")
   #2: Int(0)
   #3: String("eq")
   #4: String("conseq41")
   #5: String("end42")
   #6: Int(1)
   #7: String("test43")
   #8: String("loop44")
   #9: String("add")
   #10: String("sub")
   #11: Int(2)
   #12: String("ge")
   #13: Null
   #14: String("fib")
   #15: Method(#14, nargs:1, nlocals:3) :
         get local 0
         lit #2
         call-slot #3 2
         branch #0
         get local 0
         lit #6
         call-slot #3 2
         branch #4
         lit #6
         set local 1
         drop
         lit #6
         set local 2
         drop
         goto #7
      label #8
         get local 1
         get local 2
         call-slot #9 2
         set local 3
         drop
         get local 2
         set local 1
         drop
         get local 3
         set local 2
         drop
         get local 0
         lit #6
         call-slot #10 2
         set local 0
         drop
      label #7
         get local 0
         lit #11
         call-slot #12 2
         branch #8
         lit #13
         drop
         get local 2
         goto #5
      label #4
         lit #6
      label #5
         goto #1
      label #0
         lit #6
      label #1
         return
   #16: String("test45")
   #17: String("loop46")
   #18: String("Fib(~) = ~\n")
   #19: Int(20)
   #20: String("lt")
   #21: String("main")
   #22: Method(#21, nargs:0, nlocals:1) :
         lit #2
         set local 0
         drop
         goto #16
      label #17
         get local 0
         get local 0
         call #14 1
         printf #18 2
         drop
         get local 0
         lit #6
         call-slot #9 2
         set local 0
         drop
      label #16
         get local 0
         lit #19
         call-slot #20 2
         branch #17
         lit #13
         return
   #23: String("entry47")
   #24: Method(#23, nargs:0, nlocals:0) :
         call #21 0
         drop
         lit #13
         return
Globals :
   #15
   #22
Entry : #24
