Interpreting Bytecode Program:
Constants :
   #0: Int(3)
   #1: String("three")
   #2: Method(#1, nargs:0, nlocals:0) :
         lit #0
         return
   #3: String("Hello ~ ")
   #4: String("hello")
   #5: Method(#4, nargs:1, nlocals:0) :
         get local 0
         printf #3 1
         return
   #6: String("World ~ ~\n")
   #7: String("world")
   #8: Method(#7, nargs:2, nlocals:0) :
         get local 0
         get local 1
         printf #6 2
         return
   #9: Int(4)
   #10: String("main")
   #11: Method(#10, nargs:0, nlocals:0) :
         call #1 0
         call #4 1
         drop
         lit #9
         call #1 0
         call #7 2
         return
   #12: Null
   #13: String("entry36")
   #14: Method(#13, nargs:0, nlocals:0) :
         call #10 0
         drop
         lit #12
         return
Globals :
   #2
   #5
   #8
   #11
Entry : #14
