Interpreting Bytecode Program:
Constants :
   #0: Int(0)
   #1: String("test37")
   #2: String("loop38")
   #3: String("Do one iteration\n")
   #4: Null
   #5: String("main")
   #6: Method(#5, nargs:0, nlocals:1) :
         lit #0
         set local 0
         drop
         goto #1
      label #2
         printf #3 0
         drop
         lit #4
         set local 0
         drop
      label #1
         get local 0
         branch #2
         lit #4
         return
   #7: String("entry39")
   #8: Method(#7, nargs:0, nlocals:0) :
         call #5 0
         drop
         lit #4
         return
Globals :
   #6
Entry : #8
