Interpreting Bytecode Program:
Constants :
   #0: String("Hello ")
   #1: String("hello")
   #2: Method(#1, nargs:0, nlocals:0) :
         printf #0 0
         return
   #3: String("World\n")
   #4: String("world")
   #5: Method(#4, nargs:0, nlocals:0) :
         printf #3 0
         return
   #6: String("main")
   #7: Method(#6, nargs:0, nlocals:0) :
         call #1 0
         drop
         call #4 0
         return
   #8: Null
   #9: String("entry36")
   #10: Method(#9, nargs:0, nlocals:0) :
         call #6 0
         drop
         lit #8
         return
Globals :
   #2
   #5
   #7
Entry : #10
