Interpreting Bytecode Program:
Constants :
   #0: Null
   #1: String("Do a binary operation on ~ and ~.\n")
   #2: String("op")
   #3: String("Result = ~.\n")
   #4: String("do-op")
   #5: Method(#4, nargs:3, nlocals:0) :
         get local 1
         get local 2
         printf #1 2
         drop
         get local 0
         get local 1
         get local 2
         call-slot #2 3
         printf #3 1
         return
   #6: Class(#5)
   #7: String("base")
   #8: Method(#7, nargs:0, nlocals:0) :
         lit #0
         object #6
         return
   #9: String("add")
   #10: Method(#2, nargs:3, nlocals:0) :
         get local 1
         get local 2
         call-slot #9 2
         return
   #11: Class(#10)
   #12: String("adder")
   #13: Method(#12, nargs:0, nlocals:0) :
         call #7 0
         object #11
         return
   #14: String("mul")
   #15: Method(#2, nargs:3, nlocals:0) :
         get local 1
         get local 2
         call-slot #14 2
         return
   #16: Class(#15)
   #17: String("multiplier")
   #18: Method(#17, nargs:0, nlocals:0) :
         call #7 0
         object #16
         return
   #19: String("a")
   #20: Slot(#19)
   #21: String("m")
   #22: Slot(#21)
   #23: Int(11)
   #24: Int(7)
   #25: String("entry39")
   #26: Method(#25, nargs:0, nlocals:0) :
         call #12 0
         set global #19
         drop
         call #17 0
         set global #21
         drop
         get global #19
         lit #23
         lit #24
         call-slot #4 3
         drop
         get global #21
         lit #23
         lit #24
         call-slot #4 3
         drop
         lit #0
         return
Globals :
   #8
   #13
   #18
   #20
   #22
Entry : #26
