Interpreting Bytecode Program:
Constants :
   #0: Null
   #1: Int(1)
   #2: String("nil?")
   #3: Method(#2, nargs:1, nlocals:0) :
         lit #1
         return
   #4: String("()")
   #5: String("print")
   #6: Method(#5, nargs:1, nlocals:0) :
         printf #4 0
         return
   #7: Int(0)
   #8: String("length")
   #9: Method(#8, nargs:1, nlocals:0) :
         lit #7
         return
   #10: String("append")
   #11: Method(#10, nargs:2, nlocals:0) :
         get local 1
         return
   #12: String("reverse")
   #13: Method(#12, nargs:1, nlocals:0) :
         get local 0
         return
   #14: Class(#3, #6, #9, #11, #13)
   #15: String("nil")
   #16: Slot(#15)
   #17: String("head")
   #18: Slot(#17)
   #19: String("tail")
   #20: Slot(#19)
   #21: Method(#2, nargs:1, nlocals:0) :
         lit #7
         return
   #22: String("(~")
   #23: String("test40")
   #24: String("loop41")
   #25: String(" ~")
   #26: String("eq")
   #27: String(")")
   #28: Method(#5, nargs:1, nlocals:1) :
         get local 0
         slot #17
         printf #22 1
         drop
         get local 0
         slot #19
         set local 1
         drop
         goto #23
      label #24
         get local 1
         slot #17
         printf #25 1
         drop
         get local 1
         slot #19
         set local 1
         drop
      label #23
         get local 1
         call-slot #2 1
         lit #7
         call-slot #26 2
         branch #24
         lit #0
         drop
         printf #27 0
         return
   #29: String("add")
   #30: Method(#8, nargs:1, nlocals:0) :
         lit #1
         get local 0
         slot #19
         call-slot #8 1
         call-slot #29 2
         return
   #31: String("cons")
   #32: Method(#10, nargs:2, nlocals:0) :
         get local 0
         slot #17
         get local 0
         slot #19
         get local 1
         call-slot #10 2
         call #31 2
         return
   #33: Method(#12, nargs:1, nlocals:0) :
         get local 0
         slot #19
         call-slot #12 1
         get local 0
         slot #17
         get global #15
         call #31 2
         call-slot #10 2
         return
   #34: Class(#18, #20, #21, #28, #30, #32, #33)
   #35: Method(#31, nargs:2, nlocals:0) :
         lit #0
         get local 0
         get local 1
         object #34
         return
   #36: String("\n")
   #37: String("nl")
   #38: Method(#37, nargs:0, nlocals:0) :
         printf #36 0
         return
   #39: String("List A\n")
   #40: Int(2)
   #41: Int(3)
   #42: Int(4)
   #43: String("List B\n")
   #44: Int(10)
   #45: Int(9)
   #46: Int(8)
   #47: Int(7)
   #48: Int(6)
   #49: Int(5)
   #50: String("a.length() = ~\n")
   #51: String("b.length() = ~\n")
   #52: String("a.append(b) = ")
   #53: String("a reversed = ")
   #54: String("b reversed = ")
   #55: String("main")
   #56: Method(#55, nargs:0, nlocals:5) :
         printf #39 0
         drop
         lit #1
         lit #40
         lit #41
         lit #42
         get global #15
         call #31 2
         call #31 2
         call #31 2
         call #31 2
         set local 0
         drop
         get local 0
         call-slot #5 1
         drop
         call #37 0
         drop
         printf #43 0
         drop
         lit #44
         lit #45
         lit #46
         lit #47
         lit #48
         lit #49
         get global #15
         call #31 2
         call #31 2
         call #31 2
         call #31 2
         call #31 2
         call #31 2
         set local 1
         drop
         get local 1
         call-slot #5 1
         drop
         call #37 0
         drop
         get local 0
         call-slot #8 1
         printf #50 1
         drop
         get local 1
         call-slot #8 1
         printf #51 1
         drop
         get local 0
         get local 1
         call-slot #10 2
         set local 2
         drop
         printf #52 0
         drop
         get local 2
         call-slot #5 1
         drop
         call #37 0
         drop
         get local 0
         call-slot #12 1
         set local 3
         drop
         get local 1
         call-slot #12 1
         set local 4
         drop
         printf #53 0
         drop
         get local 3
         call-slot #5 1
         drop
         call #37 0
         drop
         printf #54 0
         drop
         get local 4
         call-slot #5 1
         drop
         call #37 0
         return
   #57: String("entry42")
   #58: Method(#57, nargs:0, nlocals:0) :
         lit #0
         object #14
         set global #15
         drop
         call #55 0
         drop
         lit #0
         return
Globals :
   #16
   #35
   #38
   #56
Entry : #58
