Interpreting Bytecode Program:
Constants :
   #0: Int(0)
   #1: String("test43")
   #2: String("loop44")
   #3: String("add")
   #4: String("get")
   #5: String("set")
   #6: Int(1)
   #7: String("lt")
   #8: Null
   #9: String("copy-array")
   #10: Method(#9, nargs:4, nlocals:1) :
         lit #0
         set local 4
         drop
         goto #1
      label #2
         get local 0
         get local 2
         get local 4
         call-slot #3 2
         get local 1
         get local 2
         get local 4
         call-slot #3 2
         call-slot #4 2
         call-slot #5 3
         drop
         get local 4
         lit #6
         call-slot #3 2
         set local 4
         drop
      label #1
         get local 4
         get local 3
         call-slot #7 2
         branch #2
         lit #8
         drop
         get local 0
         return
   #11: String("conseq45")
   #12: String("end46")
   #13: String("max")
   #14: Method(#13, nargs:2, nlocals:0) :
         get local 0
         get local 1
         call-slot #7 2
         branch #11
         get local 0
         goto #12
      label #11
         get local 1
      label #12
         return
   #15: String("array")
   #16: String("length")
   #17: String("conseq47")
   #18: String("end48")
   #19: Int(2)
   #20: String("mul")
   #21: String("size")
   #22: String("ensure-capacity")
   #23: Method(#22, nargs:2, nlocals:3) :
         get local 0
         slot #15
         call-slot #16 1
         set local 2
         drop
         get local 2
         get local 1
         call-slot #7 2
         branch #17
         lit #8
         goto #18
      label #17
         get local 1
         get local 2
         lit #19
         call-slot #20 2
         call #13 2
         set local 3
         drop
         get local 3
         lit #0
         array
         set local 4
         drop
         get local 4
         get local 0
         slot #15
         lit #0
         get local 0
         slot #21
         call #9 4
         drop
         get local 0
         get local 4
         set-slot #15
      label #18
         return
   #24: Int(4)
   #25: Slot(#15)
   #26: Slot(#21)
   #27: Method(#3, nargs:2, nlocals:0) :
         get local 0
         get local 0
         slot #21
         lit #6
         call-slot #3 2
         call #22 2
         drop
         get local 0
         slot #15
         get local 0
         slot #21
         get local 1
         call-slot #5 3
         drop
         get local 0
         get local 0
         slot #21
         lit #6
         call-slot #3 2
         set-slot #21
         return
   #28: Method(#4, nargs:2, nlocals:0) :
         get local 0
         slot #15
         get local 1
         call-slot #4 2
         return
   #29: String("conseq50")
   #30: String("end51")
   #31: String("eq")
   #32: Method(#5, nargs:3, nlocals:0) :
         get local 1
         get local 0
         slot #21
         call-slot #31 2
         branch #29
         get local 0
         slot #15
         get local 1
         get local 2
         call-slot #5 3
         goto #30
      label #29
         get local 0
         get local 2
         call-slot #3 2
      label #30
         return
   #33: Method(#16, nargs:1, nlocals:0) :
         get local 0
         slot #21
         return
   #34: String("conseq52")
   #35: String("end53")
   #36: String("[~")
   #37: String("test54")
   #38: String("loop55")
   #39: String(", ~")
   #40: String("]")
   #41: String("[]")
   #42: String("print")
   #43: Method(#42, nargs:1, nlocals:1) :
         get local 0
         slot #21
         lit #0
         call-slot #31 2
         branch #34
         get local 0
         slot #15
         lit #0
         call-slot #4 2
         printf #36 1
         drop
         lit #6
         set local 1
         drop
         goto #37
      label #38
         get local 0
         slot #15
         get local 1
         call-slot #4 2
         printf #39 1
         drop
         get local 1
         lit #6
         call-slot #3 2
         set local 1
         drop
      label #37
         get local 1
         get local 0
         slot #21
         call-slot #7 2
         branch #38
         lit #8
         drop
         printf #40 0
         goto #35
      label #34
         printf #41 0
      label #35
         return
   #44: Class(#25, #26, #27, #28, #32, #33, #43)
   #45: String("vector")
   #46: Method(#45, nargs:0, nlocals:0) :
         lit #8
         lit #24
         lit #0
         array
         lit #0
         object #44
         return
   #47: String("Create empty vector.\n")
   #48: String("\n")
   #49: String("Add some elements.\n")
   #50: Int(10)
   #51: Int(22)
   #52: Int(17)
   #53: Int(23)
   #54: Int(7)
   #55: String("Retrieving some elements.\n")
   #56: String("v[~] = ~.\n")
   #57: String("Setting first 3 elements to 0.\n")
   #58: String("main")
   #59: Method(#58, nargs:0, nlocals:1) :
         printf #47 0
         drop
         call #45 0
         set local 0
         drop
         get local 0
         call-slot #42 1
         drop
         printf #48 0
         drop
         printf #49 0
         drop
         get local 0
         lit #19
         call-slot #3 2
         drop
         get local 0
         lit #50
         call-slot #3 2
         drop
         get local 0
         lit #51
         call-slot #3 2
         drop
         get local 0
         lit #52
         call-slot #3 2
         drop
         get local 0
         lit #53
         call-slot #3 2
         drop
         get local 0
         lit #19
         call-slot #3 2
         drop
         get local 0
         lit #54
         call-slot #3 2
         drop
         get local 0
         call-slot #42 1
         drop
         printf #48 0
         drop
         printf #55 0
         drop
         lit #19
         get local 0
         lit #19
         call-slot #4 2
         printf #56 2
         drop
         lit #24
         get local 0
         lit #24
         call-slot #4 2
         printf #56 2
         drop
         lit #6
         get local 0
         lit #6
         call-slot #4 2
         printf #56 2
         drop
         printf #57 0
         drop
         get local 0
         lit #0
         lit #0
         call-slot #5 3
         drop
         get local 0
         lit #6
         lit #0
         call-slot #5 3
         drop
         get local 0
         lit #19
         lit #0
         call-slot #5 3
         drop
         get local 0
         call-slot #42 1
         drop
         printf #48 0
         return
   #60: String("entry56")
   #61: Method(#60, nargs:0, nlocals:0) :
         call #58 0
         drop
         lit #8
         return
Globals :
   #10
   #14
   #23
   #46
   #59
Entry : #61
